\BOOKMARK [0][-]{chapter.1}{\376\377\000C\000o\000u\000r\000s\000e\000\040\000I\000n\000f\000o\000r\000m\000a\000t\000i\000o\000n}{}% 1
\BOOKMARK [1][-]{section.1.1}{\376\377\000L\000e\000c\000t\000u\000r\000e\000\040\000S\000c\000h\000e\000d\000u\000l\000e}{chapter.1}% 2
\BOOKMARK [1][-]{section.1.2}{\376\377\000S\000e\000m\000i\000n\000a\000r\000\040\000S\000c\000h\000e\000d\000u\000l\000e}{chapter.1}% 3
\BOOKMARK [1][-]{section.1.3}{\376\377\000E\000x\000e\000r\000c\000i\000s\000e\000\040\000S\000c\000h\000e\000d\000u\000l\000e}{chapter.1}% 4
\BOOKMARK [0][-]{chapter.2}{\376\377\000I\000n\000s\000t\000r\000u\000c\000t\000o\000r\000s}{}% 5
\BOOKMARK [1][-]{section.2.1}{\376\377\000L\000e\000c\000t\000u\000r\000e\000s}{chapter.2}% 6
\BOOKMARK [1][-]{section.2.2}{\376\377\000S\000e\000m\000i\000n\000a\000r}{chapter.2}% 7
\BOOKMARK [1][-]{section.2.3}{\376\377\000E\000x\000e\000r\000c\000i\000s\000e}{chapter.2}% 8
\BOOKMARK [0][-]{chapter.3}{\376\377\000R\000e\000s\000o\000u\000r\000c\000e\000s}{}% 9
\BOOKMARK [0][-]{chapter.4}{\376\377\000E\000x\000e\000r\000c\000i\000s\000e\000s\000\040\000a\000n\000d\000\040\000E\000x\000a\000m}{}% 10
\BOOKMARK [1][-]{section.4.1}{\376\377\000E\000x\000e\000r\000c\000i\000s\000e\000s}{chapter.4}% 11
\BOOKMARK [1][-]{section.4.2}{\376\377\000E\000x\000a\000m}{chapter.4}% 12
\BOOKMARK [0][-]{chapter.5}{\376\377\000S\000o\000f\000t\000\040\000M\000a\000t\000t\000e\000r\000\040\000P\000h\000y\000s\000i\000c\000s\000\040\0002\0000\0002\0002\000/\0002\0003}{}% 13
\BOOKMARK [1][-]{section.5.1}{\376\377\000I\000n\000t\000r\000o\000d\000u\000c\000t\000i\000o\000n}{chapter.5}% 14
\BOOKMARK [0][-]{chapter.6}{\376\377\000T\000h\000e\000r\000m\000o\000d\000y\000n\000a\000m\000i\000c\000s\000\040\000a\000n\000d\000\040\000S\000t\000a\000t\000i\000s\000t\000i\000c\000a\000l\000\040\000P\000h\000y\000s\000i\000c\000s\000\040\000R\000e\000v\000i\000s\000i\000t\000e\000d}{}% 15
\BOOKMARK [1][-]{section.6.1}{\376\377\000T\000h\000e\000r\000m\000o\000d\000y\000n\000a\000m\000i\000c\000s}{chapter.6}% 16
\BOOKMARK [2][-]{subsection.6.1.1}{\376\377\000F\000u\000n\000d\000a\000m\000e\000n\000t\000a\000l\000\040\000Q\000u\000a\000n\000t\000i\000t\000i\000e\000s}{section.6.1}% 17
\BOOKMARK [2][-]{subsection.6.1.2}{\376\377\000L\000a\000w\000s\000\040\000o\000f\000\040\000T\000h\000e\000r\000m\000o\000d\000y\000n\000a\000m\000i\000c\000s}{section.6.1}% 18
\BOOKMARK [3][-]{subsubsection*.3}{\376\377\000F\000i\000r\000s\000t\000\040\000L\000a\000w\000\040\000o\000f\000\040\000T\000h\000e\000r\000m\000o\000d\000y\000n\000a\000m\000i\000c\000s}{subsection.6.1.2}% 19
\BOOKMARK [3][-]{subsubsection*.4}{\376\377\000S\000e\000c\000o\000n\000d\000\040\000L\000a\000w\000\040\000o\000f\000\040\000T\000h\000e\000r\000m\000o\000d\000y\000n\000a\000m\000i\000c\000s}{subsection.6.1.2}% 20
\BOOKMARK [0][-]{chapter.7}{\376\377\000S\000t\000a\000t\000i\000s\000t\000i\000c\000a\000l\000\040\000P\000h\000y\000s\000i\000c\000s\000\040\000D\000e\000f\000i\000n\000i\000t\000i\000o\000n\000s}{}% 21
\BOOKMARK [1][-]{section.7.1}{\376\377\000E\000n\000t\000r\000o\000p\000y}{chapter.7}% 22
\BOOKMARK [2][-]{subsection.7.1.1}{\376\377\000E\000n\000t\000r\000o\000p\000y\000\040\000D\000e\000f\000i\000n\000i\000t\000i\000o\000n\000\040\000b\000y\000\040\000B\000o\000l\000t\000z\000m\000a\000n\000n}{section.7.1}% 23
\BOOKMARK [2][-]{subsection.7.1.2}{\376\377\000S\000h\000a\000n\000n\000o\000n\000\040\000E\000n\000t\000r\000o\000p\000y}{section.7.1}% 24
\BOOKMARK [1][-]{section.7.2}{\376\377\000B\000o\000l\000t\000z\000m\000a\000n\000n\000\040\000D\000i\000s\000t\000r\000i\000b\000u\000t\000i\000o\000n}{chapter.7}% 25
\BOOKMARK [2][-]{subsection.7.2.1}{\376\377\000M\000e\000a\000n\000\040\000E\000n\000e\000r\000g\000y}{section.7.2}% 26
\BOOKMARK [2][-]{subsection.7.2.2}{\376\377\000F\000r\000e\000e\000\040\000E\000n\000e\000r\000g\000y}{section.7.2}% 27
\BOOKMARK [2][-]{subsection.7.2.3}{\376\377\000D\000e\000r\000i\000v\000i\000n\000g\000\040\000t\000h\000e\000\040\000B\000o\000l\000t\000z\000m\000a\000n\000n\000\040\000D\000i\000s\000t\000r\000i\000b\000u\000t\000i\000o\000n}{section.7.2}% 28
\BOOKMARK [0][-]{chapter.8}{\376\377\000E\000q\000u\000i\000p\000a\000r\000t\000i\000t\000i\000o\000n}{}% 29
\BOOKMARK [0][-]{chapter.9}{\376\377\000W\000h\000e\000n\000\040\000a\000\040\000M\000a\000c\000r\000o\000s\000t\000a\000t\000e\000\040\000i\000s\000\040\000a\000\040\000M\000i\000c\000r\000o\000s\000t\000a\000t\000e}{}% 30
\BOOKMARK [0][-]{chapter.10}{\376\377\000C\000h\000e\000m\000i\000c\000a\000l\000\040\000P\000o\000t\000e\000n\000t\000i\000a\000l}{}% 31
\BOOKMARK [1][-]{section.10.1}{\376\377\000P\000h\000a\000s\000e\000\040\000e\000q\000u\000i\000l\000i\000b\000r\000i\000a}{chapter.10}% 32
\BOOKMARK [1][-]{section.10.2}{\376\377\000C\000h\000e\000m\000i\000c\000a\000l\000\040\000e\000q\000u\000i\000l\000i\000b\000r\000i\000a}{chapter.10}% 33
\BOOKMARK [0][-]{chapter.11}{\376\377\000O\000s\000m\000o\000t\000i\000c\000\040\000P\000r\000e\000s\000s\000u\000r\000e}{}% 34
\BOOKMARK [1][-]{section.11.1}{\376\377\000S\000h\000a\000p\000e\000\040\000o\000f\000\040\000r\000e\000d\000\040\000b\000l\000o\000o\000d\000\040\000c\000e\000l\000l\000s}{chapter.11}% 35
\BOOKMARK [1][-]{section.11.2}{\376\377\000R\000e\000v\000e\000r\000s\000e\000\040\000O\000s\000m\000o\000s\000i\000s}{chapter.11}% 36
\BOOKMARK [0][-]{chapter.12}{\376\377\000G\000i\000b\000b\000s\000\040\000D\000i\000s\000t\000r\000i\000b\000u\000t\000i\000o\000n}{}% 37
\BOOKMARK [0][-]{chapter.13}{\376\377\000P\000h\000a\000s\000e\000\040\000T\000r\000a\000n\000s\000i\000t\000i\000o\000n\000s}{}% 38
\BOOKMARK [1][-]{section.13.1}{\376\377\000L\000i\000q\000u\000i\000d\000-\000L\000i\000q\000u\000i\000d\000\040\000U\000n\000m\000i\000x\000i\000n\000g}{chapter.13}% 39
\BOOKMARK [0][-]{chapter.14}{\376\377\000K\000i\000n\000e\000t\000i\000c\000s\000\040\000o\000f\000\040\000L\000i\000q\000u\000i\000d\040\023\000L\000i\000q\000u\000i\000d\000\040\000U\000n\000m\000i\000x\000i\000n\000g}{}% 40
\BOOKMARK [1][-]{section.14.1}{\376\377\000S\000p\000i\000n\000o\000d\000a\000l\000\040\000d\000e\000c\000o\000m\000p\000o\000s\000i\000t\000i\000o\000n}{chapter.14}% 41
\BOOKMARK [1][-]{section.14.2}{\376\377\000N\000u\000c\000l\000e\000a\000t\000i\000o\000n}{chapter.14}% 42
\BOOKMARK [2][-]{subsection.14.2.1}{\376\377\000I\000n\000t\000e\000r\000f\000a\000c\000i\000a\000l\000\040\000T\000e\000n\000s\000i\000o\000n}{section.14.2}% 43
\BOOKMARK [1][-]{section.14.3}{\376\377\000N\000u\000c\000l\000e\000a\000t\000i\000o\000n}{chapter.14}% 44
\BOOKMARK [0][-]{chapter.15}{\376\377\000S\000o\000l\000i\000d\040\023\000L\000i\000q\000u\000i\000d\000\040\000P\000h\000a\000s\000e\000\040\000T\000r\000a\000n\000s\000i\000t\000i\000o\000n\000s}{}% 45
